<?xml version="1.0" encoding="UTF-8"?>
<testsuite xmlns:xsi="http://www.w3.org/2001/XMLSchema-instance" xsi:noNamespaceSchemaLocation="https://maven.apache.org/surefire/maven-surefire-plugin/xsd/surefire-test-report.xsd" name="Parallel01IT" time="35.242" tests="1" errors="0" skipped="0" failures="0">
  <properties>
    <property name="sun.desktop" value="windows"/>
    <property name="awt.toolkit" value="sun.awt.windows.WToolkit"/>
    <property name="file.encoding.pkg" value="sun.io"/>
    <property name="java.specification.version" value="1.8"/>
    <property name="sun.cpu.isalist" value="amd64"/>
    <property name="sun.jnu.encoding" value="Cp1252"/>
    <property name="java.class.path" value="C:\Users\soniyajaisinghani\workspace2\myStore\target\test-classes;C:\Users\soniyajaisinghani\workspace2\myStore\target\classes;C:\Users\soniyajaisinghani\.m2\repository\io\cucumber\cucumber-spring\2.2.0\cucumber-spring-2.2.0.jar;C:\Users\soniyajaisinghani\.m2\repository\io\cucumber\cucumber-java\2.2.0\cucumber-java-2.2.0.jar;C:\Users\soniyajaisinghani\.m2\repository\io\cucumber\cucumber-junit\2.2.0\cucumber-junit-2.2.0.jar;C:\Users\soniyajaisinghani\.m2\repository\io\cucumber\cucumber-core\2.2.0\cucumber-core-2.2.0.jar;C:\Users\soniyajaisinghani\.m2\repository\info\cukes\cucumber-html\0.2.6\cucumber-html-0.2.6.jar;C:\Users\soniyajaisinghani\.m2\repository\io\cucumber\cucumber-jvm-deps\1.0.6\cucumber-jvm-deps-1.0.6.jar;C:\Users\soniyajaisinghani\.m2\repository\io\cucumber\gherkin\5.0.0\gherkin-5.0.0.jar;C:\Users\soniyajaisinghani\.m2\repository\io\cucumber\tag-expressions\1.1.1\tag-expressions-1.1.1.jar;C:\Users\soniyajaisinghani\.m2\repository\junit\junit\4.12\junit-4.12.jar;C:\Users\soniyajaisinghani\.m2\repository\org\hamcrest\hamcrest-core\1.3\hamcrest-core-1.3.jar;C:\Users\soniyajaisinghani\.m2\repository\org\seleniumhq\selenium\selenium-java\3.14.0\selenium-java-3.14.0.jar;C:\Users\soniyajaisinghani\.m2\repository\org\seleniumhq\selenium\selenium-api\3.14.0\selenium-api-3.14.0.jar;C:\Users\soniyajaisinghani\.m2\repository\org\seleniumhq\selenium\selenium-chrome-driver\3.14.0\selenium-chrome-driver-3.14.0.jar;C:\Users\soniyajaisinghani\.m2\repository\org\seleniumhq\selenium\selenium-edge-driver\3.14.0\selenium-edge-driver-3.14.0.jar;C:\Users\soniyajaisinghani\.m2\repository\org\seleniumhq\selenium\selenium-firefox-driver\3.14.0\selenium-firefox-driver-3.14.0.jar;C:\Users\soniyajaisinghani\.m2\repository\org\seleniumhq\selenium\selenium-ie-driver\3.14.0\selenium-ie-driver-3.14.0.jar;C:\Users\soniyajaisinghani\.m2\repository\org\seleniumhq\selenium\selenium-opera-driver\3.14.0\selenium-opera-driver-3.14.0.jar;C:\Users\soniyajaisinghani\.m2\repository\org\seleniumhq\selenium\selenium-remote-driver\3.14.0\selenium-remote-driver-3.14.0.jar;C:\Users\soniyajaisinghani\.m2\repository\org\seleniumhq\selenium\selenium-safari-driver\3.14.0\selenium-safari-driver-3.14.0.jar;C:\Users\soniyajaisinghani\.m2\repository\org\seleniumhq\selenium\selenium-support\3.14.0\selenium-support-3.14.0.jar;C:\Users\soniyajaisinghani\.m2\repository\net\bytebuddy\byte-buddy\1.8.15\byte-buddy-1.8.15.jar;C:\Users\soniyajaisinghani\.m2\repository\org\apache\commons\commons-exec\1.3\commons-exec-1.3.jar;C:\Users\soniyajaisinghani\.m2\repository\commons-codec\commons-codec\1.10\commons-codec-1.10.jar;C:\Users\soniyajaisinghani\.m2\repository\commons-logging\commons-logging\1.2\commons-logging-1.2.jar;C:\Users\soniyajaisinghani\.m2\repository\com\google\guava\guava\25.0-jre\guava-25.0-jre.jar;C:\Users\soniyajaisinghani\.m2\repository\com\google\code\findbugs\jsr305\1.3.9\jsr305-1.3.9.jar;C:\Users\soniyajaisinghani\.m2\repository\org\checkerframework\checker-compat-qual\2.0.0\checker-compat-qual-2.0.0.jar;C:\Users\soniyajaisinghani\.m2\repository\com\google\errorprone\error_prone_annotations\2.1.3\error_prone_annotations-2.1.3.jar;C:\Users\soniyajaisinghani\.m2\repository\com\google\j2objc\j2objc-annotations\1.1\j2objc-annotations-1.1.jar;C:\Users\soniyajaisinghani\.m2\repository\org\codehaus\mojo\animal-sniffer-annotations\1.14\animal-sniffer-annotations-1.14.jar;C:\Users\soniyajaisinghani\.m2\repository\org\apache\httpcomponents\httpclient\4.5.5\httpclient-4.5.5.jar;C:\Users\soniyajaisinghani\.m2\repository\org\apache\httpcomponents\httpcore\4.4.9\httpcore-4.4.9.jar;C:\Users\soniyajaisinghani\.m2\repository\com\squareup\okhttp3\okhttp\3.10.0\okhttp-3.10.0.jar;C:\Users\soniyajaisinghani\.m2\repository\com\squareup\okio\okio\1.14.1\okio-1.14.1.jar;C:\Users\soniyajaisinghani\.m2\repository\org\springframework\spring-test\4.3.10.RELEASE\spring-test-4.3.10.RELEASE.jar;C:\Users\soniyajaisinghani\.m2\repository\org\springframework\spring-core\4.3.10.RELEASE\spring-core-4.3.10.RELEASE.jar;C:\Users\soniyajaisinghani\.m2\repository\org\springframework\spring-context\4.3.10.RELEASE\spring-context-4.3.10.RELEASE.jar;C:\Users\soniyajaisinghani\.m2\repository\org\springframework\spring-aop\4.3.10.RELEASE\spring-aop-4.3.10.RELEASE.jar;C:\Users\soniyajaisinghani\.m2\repository\org\springframework\spring-beans\4.3.10.RELEASE\spring-beans-4.3.10.RELEASE.jar;C:\Users\soniyajaisinghani\.m2\repository\org\springframework\spring-expression\4.3.10.RELEASE\spring-expression-4.3.10.RELEASE.jar;C:\Users\soniyajaisinghani\.m2\repository\org\slf4j\slf4j-nop\1.8.0-beta1\slf4j-nop-1.8.0-beta1.jar;C:\Users\soniyajaisinghani\.m2\repository\org\slf4j\slf4j-api\1.8.0-beta1\slf4j-api-1.8.0-beta1.jar;C:\Users\soniyajaisinghani\.m2\repository\com\github\wnameless\json-flattener\0.1.0\json-flattener-0.1.0.jar;C:\Users\soniyajaisinghani\.m2\repository\com\eclipsesource\minimal-json\minimal-json\0.9.4\minimal-json-0.9.4.jar;C:\Users\soniyajaisinghani\.m2\repository\org\apache\poi\poi\4.0.0\poi-4.0.0.jar;C:\Users\soniyajaisinghani\.m2\repository\org\apache\commons\commons-collections4\4.2\commons-collections4-4.2.jar;C:\Users\soniyajaisinghani\.m2\repository\org\apache\poi\poi-ooxml\4.0.0\poi-ooxml-4.0.0.jar;C:\Users\soniyajaisinghani\.m2\repository\org\apache\poi\poi-ooxml-schemas\4.0.0\poi-ooxml-schemas-4.0.0.jar;C:\Users\soniyajaisinghani\.m2\repository\org\apache\xmlbeans\xmlbeans\3.0.1\xmlbeans-3.0.1.jar;C:\Users\soniyajaisinghani\.m2\repository\org\apache\commons\commons-compress\1.18\commons-compress-1.18.jar;C:\Users\soniyajaisinghani\.m2\repository\com\github\virtuald\curvesapi\1.04\curvesapi-1.04.jar;C:\Users\soniyajaisinghani\.m2\repository\org\apache\commons\commons-lang3\3.2\commons-lang3-3.2.jar;C:\Users\soniyajaisinghani\.m2\repository\io\qameta\allure\allure-cucumber2-jvm\2.7.0\allure-cucumber2-jvm-2.7.0.jar;C:\Users\soniyajaisinghani\.m2\repository\io\qameta\allure\allure-java-commons\2.7.0\allure-java-commons-2.7.0.jar;C:\Users\soniyajaisinghani\.m2\repository\io\qameta\allure\allure2-model-api\1.0.0\allure2-model-api-1.0.0.jar;C:\Users\soniyajaisinghani\.m2\repository\io\qameta\allure\allure2-model-pojo\1.0.0\allure2-model-pojo-1.0.0.jar;C:\Users\soniyajaisinghani\.m2\repository\org\apache\tika\tika-core\1.14\tika-core-1.14.jar;C:\Users\soniyajaisinghani\.m2\repository\io\qameta\allure\allure2-model-jackson\1.0.0\allure2-model-jackson-1.0.0.jar;C:\Users\soniyajaisinghani\.m2\repository\com\fasterxml\jackson\core\jackson-databind\2.7.0\jackson-databind-2.7.0.jar;C:\Users\soniyajaisinghani\.m2\repository\com\fasterxml\jackson\core\jackson-annotations\2.7.0\jackson-annotations-2.7.0.jar;C:\Users\soniyajaisinghani\.m2\repository\com\fasterxml\jackson\core\jackson-core\2.7.0\jackson-core-2.7.0.jar;C:\Users\soniyajaisinghani\.m2\repository\com\fasterxml\jackson\module\jackson-module-jaxb-annotations\2.7.0\jackson-module-jaxb-annotations-2.7.0.jar;C:\Users\soniyajaisinghani\.m2\repository\org\aspectj\aspectjrt\1.9.1\aspectjrt-1.9.1.jar;C:\Users\soniyajaisinghani\.m2\repository\org\jooq\joor-java-8\0.9.9\joor-java-8-0.9.9.jar;C:\Users\soniyajaisinghani\.m2\repository\ru\yandex\qatools\ashot\ashot\1.5.4\ashot-1.5.4.jar;C:\Users\soniyajaisinghani\.m2\repository\commons-io\commons-io\2.5\commons-io-2.5.jar;C:\Users\soniyajaisinghani\.m2\repository\com\google\code\gson\gson\2.6.2\gson-2.6.2.jar;C:\Users\soniyajaisinghani\.m2\repository\ru\yandex\qatools\htmlelements\htmlelements-java\1.19\htmlelements-java-1.19.jar;C:\Users\soniyajaisinghani\.m2\repository\org\aeonbits\owner\owner\1.0.10\owner-1.0.10.jar;C:\Users\soniyajaisinghani\.m2\repository\io\github\bonigarcia\webdrivermanager\2.2.4\webdrivermanager-2.2.4.jar;C:\Users\soniyajaisinghani\.m2\repository\org\rauschig\jarchivelib\0.8.0\jarchivelib-0.8.0.jar;C:\Users\soniyajaisinghani\.m2\repository\org\jsoup\jsoup\1.11.3\jsoup-1.11.3.jar;C:\Users\soniyajaisinghani\.m2\repository\org\awaitility\awaitility\3.0.0\awaitility-3.0.0.jar;C:\Users\soniyajaisinghani\.m2\repository\org\hamcrest\hamcrest-library\1.3\hamcrest-library-1.3.jar;C:\Users\soniyajaisinghani\.m2\repository\org\objenesis\objenesis\2.5.1\objenesis-2.5.1.jar;C:\Users\soniyajaisinghani\.m2\repository\org\awaitility\awaitility-proxy\3.0.0\awaitility-proxy-3.0.0.jar;C:\Users\soniyajaisinghani\.m2\repository\com\pojosontheweb\selenium-utils-core\1.4.10\selenium-utils-core-1.4.10.jar;C:\Users\soniyajaisinghani\.m2\repository\xml-apis\xml-apis\1.4.01\xml-apis-1.4.01.jar;C:\Users\soniyajaisinghani\.m2\repository\com\pojosontheweb\monte-repack\1.0\monte-repack-1.0.jar;C:\Users\soniyajaisinghani\.m2\repository\javax\media\jai\com.springsource.javax.media.jai.core\1.1.3\com.springsource.javax.media.jai.core-1.1.3.jar;C:\Users\soniyajaisinghani\.m2\repository\javax\media\jai\com.springsource.javax.media.jai.codec\1.1.3\com.springsource.javax.media.jai.codec-1.1.3.jar;C:\Users\soniyajaisinghani\.m2\repository\javax\media\jmf\2.1.1e\jmf-2.1.1e.jar;C:\Users\soniyajaisinghani\.m2\repository\org\json\json\20180813\json-20180813.jar;C:\Users\soniyajaisinghani\.m2\repository\nbn\sf\automation\sf-frk\1.1\sf-frk-1.1.jar;C:\Users\soniyajaisinghani\.m2\repository\org\apache\activemq\activemq-all\5.11.1\activemq-all-5.11.1.jar;C:\Users\soniyajaisinghani\.m2\repository\com\esotericsoftware\yamlbeans\yamlbeans\1.13\yamlbeans-1.13.jar;C:\Users\soniyajaisinghani\.m2\repository\org\apache\geronimo\bundles\json\20090211_1\json-20090211_1.jar;C:\Users\soniyajaisinghani\.m2\repository\jami\xray\1.0\xray-1.0.jar;C:\Users\soniyajaisinghani\.m2\repository\com\oracle\ojdbc6\11.2.0.3\ojdbc6-11.2.0.3.jar;C:\Users\soniyajaisinghani\.m2\repository\org\assertj\assertj-core\3.11.1\assertj-core-3.11.1.jar;C:\Users\soniyajaisinghani\.m2\repository\com\itextpdf\itextpdf\5.5.3\itextpdf-5.5.3.jar;"/>
    <property name="java.vm.vendor" value="Oracle Corporation"/>
    <property name="sun.arch.data.model" value="64"/>
    <property name="user.variant" value=""/>
    <property name="java.vendor.url" value="http://java.oracle.com/"/>
    <property name="user.timezone" value="Australia/Sydney"/>
    <property name="java.vm.specification.version" value="1.8"/>
    <property name="os.name" value="Windows 7"/>
    <property name="user.country" value="AU"/>
    <property name="sun.java.launcher" value="SUN_STANDARD"/>
    <property name="sun.boot.library.path" value="C:\Program Files\Java\jdk1.8.0_211\jre\bin"/>
    <property name="execution.tag" value="@loginToMyStore"/>
    <property name="sun.java.command" value="C:\Users\SONIYA~1\AppData\Local\Temp\surefire937511966732862782\surefirebooter8257641381484828543.jar C:\Users\soniyajaisinghani\AppData\Local\Temp\surefire937511966732862782 2019-09-03T17-05-06_856-jvmRun1 surefire6716018932728728631tmp surefire_0258975118329314543tmp"/>
    <property name="surefire.test.class.path" value="C:\Users\soniyajaisinghani\workspace2\myStore\target\test-classes;C:\Users\soniyajaisinghani\workspace2\myStore\target\classes;C:\Users\soniyajaisinghani\.m2\repository\io\cucumber\cucumber-spring\2.2.0\cucumber-spring-2.2.0.jar;C:\Users\soniyajaisinghani\.m2\repository\io\cucumber\cucumber-java\2.2.0\cucumber-java-2.2.0.jar;C:\Users\soniyajaisinghani\.m2\repository\io\cucumber\cucumber-junit\2.2.0\cucumber-junit-2.2.0.jar;C:\Users\soniyajaisinghani\.m2\repository\io\cucumber\cucumber-core\2.2.0\cucumber-core-2.2.0.jar;C:\Users\soniyajaisinghani\.m2\repository\info\cukes\cucumber-html\0.2.6\cucumber-html-0.2.6.jar;C:\Users\soniyajaisinghani\.m2\repository\io\cucumber\cucumber-jvm-deps\1.0.6\cucumber-jvm-deps-1.0.6.jar;C:\Users\soniyajaisinghani\.m2\repository\io\cucumber\gherkin\5.0.0\gherkin-5.0.0.jar;C:\Users\soniyajaisinghani\.m2\repository\io\cucumber\tag-expressions\1.1.1\tag-expressions-1.1.1.jar;C:\Users\soniyajaisinghani\.m2\repository\junit\junit\4.12\junit-4.12.jar;C:\Users\soniyajaisinghani\.m2\repository\org\hamcrest\hamcrest-core\1.3\hamcrest-core-1.3.jar;C:\Users\soniyajaisinghani\.m2\repository\org\seleniumhq\selenium\selenium-java\3.14.0\selenium-java-3.14.0.jar;C:\Users\soniyajaisinghani\.m2\repository\org\seleniumhq\selenium\selenium-api\3.14.0\selenium-api-3.14.0.jar;C:\Users\soniyajaisinghani\.m2\repository\org\seleniumhq\selenium\selenium-chrome-driver\3.14.0\selenium-chrome-driver-3.14.0.jar;C:\Users\soniyajaisinghani\.m2\repository\org\seleniumhq\selenium\selenium-edge-driver\3.14.0\selenium-edge-driver-3.14.0.jar;C:\Users\soniyajaisinghani\.m2\repository\org\seleniumhq\selenium\selenium-firefox-driver\3.14.0\selenium-firefox-driver-3.14.0.jar;C:\Users\soniyajaisinghani\.m2\repository\org\seleniumhq\selenium\selenium-ie-driver\3.14.0\selenium-ie-driver-3.14.0.jar;C:\Users\soniyajaisinghani\.m2\repository\org\seleniumhq\selenium\selenium-opera-driver\3.14.0\selenium-opera-driver-3.14.0.jar;C:\Users\soniyajaisinghani\.m2\repository\org\seleniumhq\selenium\selenium-remote-driver\3.14.0\selenium-remote-driver-3.14.0.jar;C:\Users\soniyajaisinghani\.m2\repository\org\seleniumhq\selenium\selenium-safari-driver\3.14.0\selenium-safari-driver-3.14.0.jar;C:\Users\soniyajaisinghani\.m2\repository\org\seleniumhq\selenium\selenium-support\3.14.0\selenium-support-3.14.0.jar;C:\Users\soniyajaisinghani\.m2\repository\net\bytebuddy\byte-buddy\1.8.15\byte-buddy-1.8.15.jar;C:\Users\soniyajaisinghani\.m2\repository\org\apache\commons\commons-exec\1.3\commons-exec-1.3.jar;C:\Users\soniyajaisinghani\.m2\repository\commons-codec\commons-codec\1.10\commons-codec-1.10.jar;C:\Users\soniyajaisinghani\.m2\repository\commons-logging\commons-logging\1.2\commons-logging-1.2.jar;C:\Users\soniyajaisinghani\.m2\repository\com\google\guava\guava\25.0-jre\guava-25.0-jre.jar;C:\Users\soniyajaisinghani\.m2\repository\com\google\code\findbugs\jsr305\1.3.9\jsr305-1.3.9.jar;C:\Users\soniyajaisinghani\.m2\repository\org\checkerframework\checker-compat-qual\2.0.0\checker-compat-qual-2.0.0.jar;C:\Users\soniyajaisinghani\.m2\repository\com\google\errorprone\error_prone_annotations\2.1.3\error_prone_annotations-2.1.3.jar;C:\Users\soniyajaisinghani\.m2\repository\com\google\j2objc\j2objc-annotations\1.1\j2objc-annotations-1.1.jar;C:\Users\soniyajaisinghani\.m2\repository\org\codehaus\mojo\animal-sniffer-annotations\1.14\animal-sniffer-annotations-1.14.jar;C:\Users\soniyajaisinghani\.m2\repository\org\apache\httpcomponents\httpclient\4.5.5\httpclient-4.5.5.jar;C:\Users\soniyajaisinghani\.m2\repository\org\apache\httpcomponents\httpcore\4.4.9\httpcore-4.4.9.jar;C:\Users\soniyajaisinghani\.m2\repository\com\squareup\okhttp3\okhttp\3.10.0\okhttp-3.10.0.jar;C:\Users\soniyajaisinghani\.m2\repository\com\squareup\okio\okio\1.14.1\okio-1.14.1.jar;C:\Users\soniyajaisinghani\.m2\repository\org\springframework\spring-test\4.3.10.RELEASE\spring-test-4.3.10.RELEASE.jar;C:\Users\soniyajaisinghani\.m2\repository\org\springframework\spring-core\4.3.10.RELEASE\spring-core-4.3.10.RELEASE.jar;C:\Users\soniyajaisinghani\.m2\repository\org\springframework\spring-context\4.3.10.RELEASE\spring-context-4.3.10.RELEASE.jar;C:\Users\soniyajaisinghani\.m2\repository\org\springframework\spring-aop\4.3.10.RELEASE\spring-aop-4.3.10.RELEASE.jar;C:\Users\soniyajaisinghani\.m2\repository\org\springframework\spring-beans\4.3.10.RELEASE\spring-beans-4.3.10.RELEASE.jar;C:\Users\soniyajaisinghani\.m2\repository\org\springframework\spring-expression\4.3.10.RELEASE\spring-expression-4.3.10.RELEASE.jar;C:\Users\soniyajaisinghani\.m2\repository\org\slf4j\slf4j-nop\1.8.0-beta1\slf4j-nop-1.8.0-beta1.jar;C:\Users\soniyajaisinghani\.m2\repository\org\slf4j\slf4j-api\1.8.0-beta1\slf4j-api-1.8.0-beta1.jar;C:\Users\soniyajaisinghani\.m2\repository\com\github\wnameless\json-flattener\0.1.0\json-flattener-0.1.0.jar;C:\Users\soniyajaisinghani\.m2\repository\com\eclipsesource\minimal-json\minimal-json\0.9.4\minimal-json-0.9.4.jar;C:\Users\soniyajaisinghani\.m2\repository\org\apache\poi\poi\4.0.0\poi-4.0.0.jar;C:\Users\soniyajaisinghani\.m2\repository\org\apache\commons\commons-collections4\4.2\commons-collections4-4.2.jar;C:\Users\soniyajaisinghani\.m2\repository\org\apache\poi\poi-ooxml\4.0.0\poi-ooxml-4.0.0.jar;C:\Users\soniyajaisinghani\.m2\repository\org\apache\poi\poi-ooxml-schemas\4.0.0\poi-ooxml-schemas-4.0.0.jar;C:\Users\soniyajaisinghani\.m2\repository\org\apache\xmlbeans\xmlbeans\3.0.1\xmlbeans-3.0.1.jar;C:\Users\soniyajaisinghani\.m2\repository\org\apache\commons\commons-compress\1.18\commons-compress-1.18.jar;C:\Users\soniyajaisinghani\.m2\repository\com\github\virtuald\curvesapi\1.04\curvesapi-1.04.jar;C:\Users\soniyajaisinghani\.m2\repository\org\apache\commons\commons-lang3\3.2\commons-lang3-3.2.jar;C:\Users\soniyajaisinghani\.m2\repository\io\qameta\allure\allure-cucumber2-jvm\2.7.0\allure-cucumber2-jvm-2.7.0.jar;C:\Users\soniyajaisinghani\.m2\repository\io\qameta\allure\allure-java-commons\2.7.0\allure-java-commons-2.7.0.jar;C:\Users\soniyajaisinghani\.m2\repository\io\qameta\allure\allure2-model-api\1.0.0\allure2-model-api-1.0.0.jar;C:\Users\soniyajaisinghani\.m2\repository\io\qameta\allure\allure2-model-pojo\1.0.0\allure2-model-pojo-1.0.0.jar;C:\Users\soniyajaisinghani\.m2\repository\org\apache\tika\tika-core\1.14\tika-core-1.14.jar;C:\Users\soniyajaisinghani\.m2\repository\io\qameta\allure\allure2-model-jackson\1.0.0\allure2-model-jackson-1.0.0.jar;C:\Users\soniyajaisinghani\.m2\repository\com\fasterxml\jackson\core\jackson-databind\2.7.0\jackson-databind-2.7.0.jar;C:\Users\soniyajaisinghani\.m2\repository\com\fasterxml\jackson\core\jackson-annotations\2.7.0\jackson-annotations-2.7.0.jar;C:\Users\soniyajaisinghani\.m2\repository\com\fasterxml\jackson\core\jackson-core\2.7.0\jackson-core-2.7.0.jar;C:\Users\soniyajaisinghani\.m2\repository\com\fasterxml\jackson\module\jackson-module-jaxb-annotations\2.7.0\jackson-module-jaxb-annotations-2.7.0.jar;C:\Users\soniyajaisinghani\.m2\repository\org\aspectj\aspectjrt\1.9.1\aspectjrt-1.9.1.jar;C:\Users\soniyajaisinghani\.m2\repository\org\jooq\joor-java-8\0.9.9\joor-java-8-0.9.9.jar;C:\Users\soniyajaisinghani\.m2\repository\ru\yandex\qatools\ashot\ashot\1.5.4\ashot-1.5.4.jar;C:\Users\soniyajaisinghani\.m2\repository\commons-io\commons-io\2.5\commons-io-2.5.jar;C:\Users\soniyajaisinghani\.m2\repository\com\google\code\gson\gson\2.6.2\gson-2.6.2.jar;C:\Users\soniyajaisinghani\.m2\repository\ru\yandex\qatools\htmlelements\htmlelements-java\1.19\htmlelements-java-1.19.jar;C:\Users\soniyajaisinghani\.m2\repository\org\aeonbits\owner\owner\1.0.10\owner-1.0.10.jar;C:\Users\soniyajaisinghani\.m2\repository\io\github\bonigarcia\webdrivermanager\2.2.4\webdrivermanager-2.2.4.jar;C:\Users\soniyajaisinghani\.m2\repository\org\rauschig\jarchivelib\0.8.0\jarchivelib-0.8.0.jar;C:\Users\soniyajaisinghani\.m2\repository\org\jsoup\jsoup\1.11.3\jsoup-1.11.3.jar;C:\Users\soniyajaisinghani\.m2\repository\org\awaitility\awaitility\3.0.0\awaitility-3.0.0.jar;C:\Users\soniyajaisinghani\.m2\repository\org\hamcrest\hamcrest-library\1.3\hamcrest-library-1.3.jar;C:\Users\soniyajaisinghani\.m2\repository\org\objenesis\objenesis\2.5.1\objenesis-2.5.1.jar;C:\Users\soniyajaisinghani\.m2\repository\org\awaitility\awaitility-proxy\3.0.0\awaitility-proxy-3.0.0.jar;C:\Users\soniyajaisinghani\.m2\repository\com\pojosontheweb\selenium-utils-core\1.4.10\selenium-utils-core-1.4.10.jar;C:\Users\soniyajaisinghani\.m2\repository\xml-apis\xml-apis\1.4.01\xml-apis-1.4.01.jar;C:\Users\soniyajaisinghani\.m2\repository\com\pojosontheweb\monte-repack\1.0\monte-repack-1.0.jar;C:\Users\soniyajaisinghani\.m2\repository\javax\media\jai\com.springsource.javax.media.jai.core\1.1.3\com.springsource.javax.media.jai.core-1.1.3.jar;C:\Users\soniyajaisinghani\.m2\repository\javax\media\jai\com.springsource.javax.media.jai.codec\1.1.3\com.springsource.javax.media.jai.codec-1.1.3.jar;C:\Users\soniyajaisinghani\.m2\repository\javax\media\jmf\2.1.1e\jmf-2.1.1e.jar;C:\Users\soniyajaisinghani\.m2\repository\org\json\json\20180813\json-20180813.jar;C:\Users\soniyajaisinghani\.m2\repository\nbn\sf\automation\sf-frk\1.1\sf-frk-1.1.jar;C:\Users\soniyajaisinghani\.m2\repository\org\apache\activemq\activemq-all\5.11.1\activemq-all-5.11.1.jar;C:\Users\soniyajaisinghani\.m2\repository\com\esotericsoftware\yamlbeans\yamlbeans\1.13\yamlbeans-1.13.jar;C:\Users\soniyajaisinghani\.m2\repository\org\apache\geronimo\bundles\json\20090211_1\json-20090211_1.jar;C:\Users\soniyajaisinghani\.m2\repository\jami\xray\1.0\xray-1.0.jar;C:\Users\soniyajaisinghani\.m2\repository\com\oracle\ojdbc6\11.2.0.3\ojdbc6-11.2.0.3.jar;C:\Users\soniyajaisinghani\.m2\repository\org\assertj\assertj-core\3.11.1\assertj-core-3.11.1.jar;C:\Users\soniyajaisinghani\.m2\repository\com\itextpdf\itextpdf\5.5.3\itextpdf-5.5.3.jar;"/>
    <property name="sun.cpu.endian" value="little"/>
    <property name="user.home" value="C:\Users\soniyajaisinghani"/>
    <property name="user.language" value="en"/>
    <property name="java.specification.vendor" value="Oracle Corporation"/>
    <property name="java.home" value="C:\Program Files\Java\jdk1.8.0_211\jre"/>
    <property name="basedir" value="C:\Users\soniyajaisinghani\workspace2\myStore"/>
    <property name="file.separator" value="\"/>
    <property name="line.separator" value="&#10;"/>
    <property name="java.vm.specification.vendor" value="Oracle Corporation"/>
    <property name="java.specification.name" value="Java Platform API Specification"/>
    <property name="java.awt.graphicsenv" value="sun.awt.Win32GraphicsEnvironment"/>
    <property name="surefire.real.class.path" value="C:\Users\SONIYA~1\AppData\Local\Temp\surefire937511966732862782\surefirebooter8257641381484828543.jar;C:\Users\soniyajaisinghani\.m2\repository/org/aspectj/aspectjweaver/1.8.10/aspectjweaver-1.8.10.jar"/>
    <property name="sun.boot.class.path" value="C:\Program Files\Java\jdk1.8.0_211\jre\lib\resources.jar;C:\Program Files\Java\jdk1.8.0_211\jre\lib\rt.jar;C:\Program Files\Java\jdk1.8.0_211\jre\lib\sunrsasign.jar;C:\Program Files\Java\jdk1.8.0_211\jre\lib\jsse.jar;C:\Program Files\Java\jdk1.8.0_211\jre\lib\jce.jar;C:\Program Files\Java\jdk1.8.0_211\jre\lib\charsets.jar;C:\Program Files\Java\jdk1.8.0_211\jre\lib\jfr.jar;C:\Program Files\Java\jdk1.8.0_211\jre\classes"/>
    <property name="user.script" value=""/>
    <property name="sun.management.compiler" value="HotSpot 64-Bit Tiered Compilers"/>
    <property name="java.runtime.version" value="1.8.0_211-b12"/>
    <property name="user.name" value="soniyajaisinghani"/>
    <property name="path.separator" value=";"/>
    <property name="os.version" value="6.1"/>
    <property name="java.endorsed.dirs" value="C:\Program Files\Java\jdk1.8.0_211\jre\lib\endorsed"/>
    <property name="java.runtime.name" value="Java(TM) SE Runtime Environment"/>
    <property name="file.encoding" value="Cp1252"/>
    <property name="java.vm.name" value="Java HotSpot(TM) 64-Bit Server VM"/>
    <property name="localRepository" value="C:\Users\soniyajaisinghani\.m2\repository"/>
    <property name="java.vendor.url.bug" value="http://bugreport.sun.com/bugreport/"/>
    <property name="java.io.tmpdir" value="C:\Users\SONIYA~1\AppData\Local\Temp\"/>
    <property name="java.version" value="1.8.0_211"/>
    <property name="user.dir" value="C:\Users\soniyajaisinghani\workspace2\myStore"/>
    <property name="os.arch" value="amd64"/>
    <property name="java.vm.specification.name" value="Java Virtual Machine Specification"/>
    <property name="java.awt.printerjob" value="sun.awt.windows.WPrinterJob"/>
    <property name="sun.os.patch.level" value="Service Pack 1"/>
    <property name="java.library.path" value="C:\Program Files\Java\jdk1.8.0_211\jre\bin;C:\Windows\Sun\Java\bin;C:\Windows\system32;C:\Windows;C:\Program Files (x86)\Common Files\Oracle\Java\javapath;C:\Windows\system32;C:\Windows;C:\Windows\System32\Wbem;C:\Program Files\Citrix\System32\;C:\Program Files\Citrix\ICAService\;C:\Windows\System32\WindowsPowerShell\v1.0\;C:\Windows\System32\WindowsPowerShell\v1.0\;C:\Program Files\Java\jdk1.8.0_211\bin;C:\Program Files\TortoiseGit\bin;C:\Users\soniyajaisinghani\apache-maven-3.6.1\bin;C:\Program Files\Git\cmd;."/>
    <property name="java.vm.info" value="mixed mode"/>
    <property name="java.vendor" value="Oracle Corporation"/>
    <property name="java.vm.version" value="25.211-b12"/>
    <property name="java.ext.dirs" value="C:\Program Files\Java\jdk1.8.0_211\jre\lib\ext;C:\Windows\Sun\Java\lib\ext"/>
    <property name="sun.io.unicode.encoding" value="UnicodeLittle"/>
    <property name="java.class.version" value="52.0"/>
  </properties>
  <testcase name="Verify login to MyStore" classname="loginToMyStore" time="29.917"/>
</testsuite>